<?xml version="1.0" encoding="UTF-8"?>
<testng-results ignored="0" total="1" passed="1" failed="0" skipped="0">
  <reporter-output>
    <line>
      <![CDATA[Execution in local system]]>
    </line>
    <line>
      <![CDATA[Browser is: chrome]]>
    </line>
    <line>
      <![CDATA[HomePage is displayed]]>
    </line>
  </reporter-output>
  <suite started-at="2023-05-04T23:27:40 IST" name="Default suite" finished-at="2023-05-04T23:28:01 IST" duration-ms="21926">
    <groups>
    </groups>
    <test started-at="2023-05-04T23:27:40 IST" name="Default test" finished-at="2023-05-04T23:28:01 IST" duration-ms="21926">
      <class name="script.ValidLogin1">
        <test-method is-config="true" signature="preCondition(java.lang.String,java.lang.String,java.lang.String)[pri:0, instance:script.ValidLogin1@2b662a77]" started-at="2023-05-04T23:27:40 IST" name="preCondition" finished-at="2023-05-04T23:27:53 IST" duration-ms="13751" status="PASS">
          <params>
            <param index="0">
              <value>
                <![CDATA[https://demo.actitime.com/login.do]]>
              </value>
            </param>
            <param index="1">
              <value>
                <![CDATA[no]]>
              </value>
            </param>
            <param index="2">
              <value>
                <![CDATA[chrome]]>
              </value>
            </param>
          </params>
          <reporter-output>
            <line>
              <![CDATA[Execution in local system]]>
            </line>
            <line>
              <![CDATA[Browser is: chrome]]>
            </line>
          </reporter-output>
        </test-method> <!-- preCondition -->
        <test-method signature="testvalidLogin()[pri:0, instance:script.ValidLogin1@2b662a77]" started-at="2023-05-04T23:27:53 IST" name="testvalidLogin" finished-at="2023-05-04T23:28:01 IST" duration-ms="7158" status="PASS">
          <reporter-output>
            <line>
              <![CDATA[HomePage is displayed]]>
            </line>
          </reporter-output>
        </test-method> <!-- testvalidLogin -->
        <test-method is-config="true" signature="postCondition()[pri:0, instance:script.ValidLogin1@2b662a77]" started-at="2023-05-04T23:28:01 IST" name="postCondition" finished-at="2023-05-04T23:28:01 IST" duration-ms="876" status="PASS">
          <reporter-output>
          </reporter-output>
        </test-method> <!-- postCondition -->
      </class> <!-- script.ValidLogin1 -->
    </test> <!-- Default test -->
  </suite> <!-- Default suite -->
</testng-results>
