<?xml version="1.0" encoding="UTF-8"?>
<testng-results ignored="0" total="3" passed="2" failed="1" skipped="0">
  <reporter-output>
    <line>
      <![CDATA[Execution in local system]]>
    </line>
    <line>
      <![CDATA[Browser is: Firefox]]>
    </line>
    <line>
      <![CDATA[test data:admin]]>
    </line>
    <line>
      <![CDATA[Facebook – log in or sign up]]>
    </line>
    <line>
      <![CDATA[Execution in local system]]>
    </line>
    <line>
      <![CDATA[Browser is: Firefox]]>
    </line>
    <line>
      <![CDATA[Facebook – log in or sign up]]>
    </line>
    <line>
      <![CDATA[Execution in local system]]>
    </line>
    <line>
      <![CDATA[Browser is: Firefox]]>
    </line>
    <line>
      <![CDATA[Facebook – log in or sign up]]>
    </line>
  </reporter-output>
  <suite started-at="2023-05-03T12:06:49 IST" name="Suite" finished-at="2023-05-03T12:07:50 IST" duration-ms="60897">
    <groups>
    </groups>
    <test started-at="2023-05-03T12:06:49 IST" name="Test" finished-at="2023-05-03T12:07:50 IST" duration-ms="60897">
      <class name="script.DemoTest2">
        <test-method is-config="true" signature="preCondition(java.lang.String,java.lang.String,java.lang.String)[pri:0, instance:script.DemoTest2@71d44a3]" started-at="2023-05-03T12:07:20 IST" name="preCondition" finished-at="2023-05-03T12:07:32 IST" duration-ms="12130" status="PASS">
          <params>
            <param index="0">
              <value>
                <![CDATA[http://www.fb.com]]>
              </value>
            </param>
            <param index="1">
              <value>
                <![CDATA[no]]>
              </value>
            </param>
            <param index="2">
              <value>
                <![CDATA[firefox]]>
              </value>
            </param>
          </params>
          <reporter-output>
            <line>
              <![CDATA[Execution in local system]]>
            </line>
            <line>
              <![CDATA[Browser is: Firefox]]>
            </line>
          </reporter-output>
        </test-method> <!-- preCondition -->
        <test-method signature="demoTest1()[pri:0, instance:script.DemoTest2@71d44a3]" started-at="2023-05-03T12:07:32 IST" name="demoTest1" finished-at="2023-05-03T12:07:32 IST" duration-ms="24" status="PASS">
          <reporter-output>
            <line>
              <![CDATA[Facebook – log in or sign up]]>
            </line>
          </reporter-output>
        </test-method> <!-- demoTest1 -->
        <test-method is-config="true" signature="postCondition()[pri:0, instance:script.DemoTest2@71d44a3]" started-at="2023-05-03T12:07:32 IST" name="postCondition" finished-at="2023-05-03T12:07:35 IST" duration-ms="2516" status="PASS">
          <reporter-output>
          </reporter-output>
        </test-method> <!-- postCondition -->
      </class> <!-- script.DemoTest2 -->
      <class name="script.DemoTest3">
        <test-method is-config="true" signature="preCondition(java.lang.String,java.lang.String,java.lang.String)[pri:0, instance:script.DemoTest3@7b98f307]" started-at="2023-05-03T12:07:35 IST" name="preCondition" finished-at="2023-05-03T12:07:48 IST" duration-ms="12526" status="PASS">
          <params>
            <param index="0">
              <value>
                <![CDATA[http://www.fb.com]]>
              </value>
            </param>
            <param index="1">
              <value>
                <![CDATA[no]]>
              </value>
            </param>
            <param index="2">
              <value>
                <![CDATA[firefox]]>
              </value>
            </param>
          </params>
          <reporter-output>
            <line>
              <![CDATA[Execution in local system]]>
            </line>
            <line>
              <![CDATA[Browser is: Firefox]]>
            </line>
          </reporter-output>
        </test-method> <!-- preCondition -->
        <test-method signature="demoTest1()[pri:0, instance:script.DemoTest3@7b98f307]" started-at="2023-05-03T12:07:48 IST" name="demoTest1" finished-at="2023-05-03T12:07:48 IST" duration-ms="16" status="PASS">
          <reporter-output>
            <line>
              <![CDATA[Facebook – log in or sign up]]>
            </line>
          </reporter-output>
        </test-method> <!-- demoTest1 -->
        <test-method is-config="true" signature="postCondition()[pri:0, instance:script.DemoTest3@7b98f307]" started-at="2023-05-03T12:07:48 IST" name="postCondition" finished-at="2023-05-03T12:07:50 IST" duration-ms="2549" status="PASS">
          <reporter-output>
          </reporter-output>
        </test-method> <!-- postCondition -->
      </class> <!-- script.DemoTest3 -->
      <class name="script.DemoTest">
        <test-method is-config="true" signature="preCondition(java.lang.String,java.lang.String,java.lang.String)[pri:0, instance:script.DemoTest@7d8995e]" started-at="2023-05-03T12:06:49 IST" name="preCondition" finished-at="2023-05-03T12:07:06 IST" duration-ms="16327" status="PASS">
          <params>
            <param index="0">
              <value>
                <![CDATA[http://www.fb.com]]>
              </value>
            </param>
            <param index="1">
              <value>
                <![CDATA[no]]>
              </value>
            </param>
            <param index="2">
              <value>
                <![CDATA[firefox]]>
              </value>
            </param>
          </params>
          <reporter-output>
            <line>
              <![CDATA[Execution in local system]]>
            </line>
            <line>
              <![CDATA[Browser is: Firefox]]>
            </line>
          </reporter-output>
        </test-method> <!-- preCondition -->
        <test-method signature="demoTest1()[pri:0, instance:script.DemoTest@7d8995e]" started-at="2023-05-03T12:07:06 IST" name="demoTest1" finished-at="2023-05-03T12:07:18 IST" duration-ms="12358" status="FAIL">
          <exception class="org.openqa.selenium.NoSuchElementException">
            <message>
              <![CDATA[Unable to locate element: *[name='q']
For documentation on this error, please visit: https://selenium.dev/exceptions/#no_such_element
Build info: version: '4.9.0', revision: 'd7057100a6'
System info: os.name: 'Windows 10', os.arch: 'amd64', os.version: '10.0', java.version: '17.0.4.1'
Driver info: org.openqa.selenium.firefox.FirefoxDriver
Command: [01b0f8c1-d3c7-43ad-88fc-e81f77bbd4dd, findElement {using=name, value=q}]
Capabilities {acceptInsecureCerts: true, browserName: firefox, browserVersion: 112.0.2, moz:accessibilityChecks: false, moz:buildID: 20230424110519, moz:debuggerAddress: 127.0.0.1:39600, moz:geckodriverVersion: 0.33.0, moz:headless: false, moz:platformVersion: 10.0, moz:processID: 18480, moz:profile: C:\Users\vinod\AppData\Loca..., moz:shutdownTimeout: 60000, moz:useNonSpecCompliantPointerOrigin: false, moz:webdriverClick: true, moz:windowless: false, pageLoadStrategy: normal, platformName: WINDOWS, proxy: Proxy(), se:cdp: ws://127.0.0.1:39600/devtoo..., se:cdpVersion: 85.0, setWindowRect: true, strictFileInteractability: false, timeouts: {implicit: 0, pageLoad: 300000, script: 30000}, unhandledPromptBehavior: dismiss and notify}
Session ID: 01b0f8c1-d3c7-43ad-88fc-e81f77bbd4dd]]>
            </message>
            <full-stacktrace>
              <![CDATA[org.openqa.selenium.NoSuchElementException: Unable to locate element: *[name='q']
For documentation on this error, please visit: https://selenium.dev/exceptions/#no_such_element
Build info: version: '4.9.0', revision: 'd7057100a6'
System info: os.name: 'Windows 10', os.arch: 'amd64', os.version: '10.0', java.version: '17.0.4.1'
Driver info: org.openqa.selenium.firefox.FirefoxDriver
Command: [01b0f8c1-d3c7-43ad-88fc-e81f77bbd4dd, findElement {using=name, value=q}]
Capabilities {acceptInsecureCerts: true, browserName: firefox, browserVersion: 112.0.2, moz:accessibilityChecks: false, moz:buildID: 20230424110519, moz:debuggerAddress: 127.0.0.1:39600, moz:geckodriverVersion: 0.33.0, moz:headless: false, moz:platformVersion: 10.0, moz:processID: 18480, moz:profile: C:\Users\vinod\AppData\Loca..., moz:shutdownTimeout: 60000, moz:useNonSpecCompliantPointerOrigin: false, moz:webdriverClick: true, moz:windowless: false, pageLoadStrategy: normal, platformName: WINDOWS, proxy: Proxy(), se:cdp: ws://127.0.0.1:39600/devtoo..., se:cdpVersion: 85.0, setWindowRect: true, strictFileInteractability: false, timeouts: {implicit: 0, pageLoad: 300000, script: 30000}, unhandledPromptBehavior: dismiss and notify}
Session ID: 01b0f8c1-d3c7-43ad-88fc-e81f77bbd4dd
at java.base/jdk.internal.reflect.NativeConstructorAccessorImpl.newInstance0(Native Method)
at java.base/jdk.internal.reflect.NativeConstructorAccessorImpl.newInstance(NativeConstructorAccessorImpl.java:77)
at java.base/jdk.internal.reflect.DelegatingConstructorAccessorImpl.newInstance(DelegatingConstructorAccessorImpl.java:45)
at java.base/java.lang.reflect.Constructor.newInstanceWithCaller(Constructor.java:499)
at java.base/java.lang.reflect.Constructor.newInstance(Constructor.java:480)
at org.openqa.selenium.remote.codec.w3c.W3CHttpResponseCodec.createException(W3CHttpResponseCodec.java:200)
at org.openqa.selenium.remote.codec.w3c.W3CHttpResponseCodec.decode(W3CHttpResponseCodec.java:133)
at org.openqa.selenium.remote.codec.w3c.W3CHttpResponseCodec.decode(W3CHttpResponseCodec.java:53)
at org.openqa.selenium.remote.HttpCommandExecutor.execute(HttpCommandExecutor.java:193)
at org.openqa.selenium.remote.service.DriverCommandExecutor.invokeExecute(DriverCommandExecutor.java:183)
at org.openqa.selenium.remote.service.DriverCommandExecutor.execute(DriverCommandExecutor.java:158)
at org.openqa.selenium.remote.RemoteWebDriver.execute(RemoteWebDriver.java:543)
at org.openqa.selenium.remote.ElementLocation$ElementFinder$2.findElement(ElementLocation.java:162)
at org.openqa.selenium.remote.ElementLocation.findElement(ElementLocation.java:66)
at org.openqa.selenium.remote.RemoteWebDriver.findElement(RemoteWebDriver.java:352)
at org.openqa.selenium.remote.RemoteWebDriver.findElement(RemoteWebDriver.java:344)
at org.openqa.selenium.support.pagefactory.DefaultElementLocator.findElement(DefaultElementLocator.java:70)
at org.openqa.selenium.support.pagefactory.internal.LocatingElementHandler.invoke(LocatingElementHandler.java:39)
at jdk.proxy2/jdk.proxy2.$Proxy17.sendKeys(Unknown Source)
at page.GooglePage.setSearch(GooglePage.java:19)
at script.DemoTest.demoTest1(DemoTest.java:19)
at java.base/jdk.internal.reflect.NativeMethodAccessorImpl.invoke0(Native Method)
at java.base/jdk.internal.reflect.NativeMethodAccessorImpl.invoke(NativeMethodAccessorImpl.java:77)
at java.base/jdk.internal.reflect.DelegatingMethodAccessorImpl.invoke(DelegatingMethodAccessorImpl.java:43)
at java.base/java.lang.reflect.Method.invoke(Method.java:568)
at org.testng.internal.invokers.MethodInvocationHelper.invokeMethod(MethodInvocationHelper.java:139)
at org.testng.internal.invokers.TestInvoker.invokeMethod(TestInvoker.java:677)
at org.testng.internal.invokers.TestInvoker.invokeTestMethod(TestInvoker.java:221)
at org.testng.internal.invokers.MethodRunner.runInSequence(MethodRunner.java:50)
at org.testng.internal.invokers.TestInvoker$MethodInvocationAgent.invoke(TestInvoker.java:969)
at org.testng.internal.invokers.TestInvoker.invokeTestMethods(TestInvoker.java:194)
at org.testng.internal.invokers.TestMethodWorker.invokeTestMethods(TestMethodWorker.java:148)
at org.testng.internal.invokers.TestMethodWorker.run(TestMethodWorker.java:128)
at java.base/java.util.ArrayList.forEach(ArrayList.java:1511)
at org.testng.TestRunner.privateRun(TestRunner.java:829)
at org.testng.TestRunner.run(TestRunner.java:602)
at org.testng.SuiteRunner.runTest(SuiteRunner.java:437)
at org.testng.SuiteRunner.runSequentially(SuiteRunner.java:431)
at org.testng.SuiteRunner.privateRun(SuiteRunner.java:391)
at org.testng.SuiteRunner.run(SuiteRunner.java:330)
at org.testng.SuiteRunnerWorker.runSuite(SuiteRunnerWorker.java:52)
at org.testng.SuiteRunnerWorker.run(SuiteRunnerWorker.java:95)
at org.testng.TestNG.runSuitesSequentially(TestNG.java:1256)
at org.testng.TestNG.runSuitesLocally(TestNG.java:1176)
at org.testng.TestNG.runSuites(TestNG.java:1099)
at org.testng.TestNG.run(TestNG.java:1067)
at org.testng.remote.AbstractRemoteTestNG.run(AbstractRemoteTestNG.java:115)
at org.testng.remote.RemoteTestNG.initAndRun(RemoteTestNG.java:251)
at org.testng.remote.RemoteTestNG.main(RemoteTestNG.java:77)
]]>
            </full-stacktrace>
          </exception> <!-- org.openqa.selenium.NoSuchElementException -->
          <reporter-output>
            <line>
              <![CDATA[test data:admin]]>
            </line>
            <line>
              <![CDATA[Facebook – log in or sign up]]>
            </line>
          </reporter-output>
        </test-method> <!-- demoTest1 -->
        <test-method is-config="true" signature="postCondition()[pri:0, instance:script.DemoTest@7d8995e]" started-at="2023-05-03T12:07:18 IST" name="postCondition" finished-at="2023-05-03T12:07:20 IST" duration-ms="2243" status="PASS">
          <reporter-output>
          </reporter-output>
        </test-method> <!-- postCondition -->
      </class> <!-- script.DemoTest -->
    </test> <!-- Test -->
  </suite> <!-- Suite -->
</testng-results>
